\BOOKMARK [0][-]{section*.1}{Title Page}{}% 1
\BOOKMARK [0][-]{section*.2}{Abstract}{}% 2
\BOOKMARK [0][-]{section*.4}{Dedication}{}% 3
\BOOKMARK [0][-]{section*.6}{Acknowledgments}{}% 4
\BOOKMARK [0][-]{section*.8}{List of Tables}{}% 5
\BOOKMARK [0][-]{section*.9}{List of Figures}{}% 6
\BOOKMARK [0][-]{section*.10}{List of Listings}{}% 7
\BOOKMARK [0][-]{chapter.1}{Introduction}{}% 8
\BOOKMARK [1][-]{section.1.1}{Alternative Systems: Practical vs. Pure}{chapter.1}% 9
\BOOKMARK [1][-]{section.1.2}{Best of Both Worlds?}{chapter.1}% 10
\BOOKMARK [1][-]{section.1.3}{Problem Statement}{chapter.1}% 11
\BOOKMARK [1][-]{section.1.4}{Research Approach}{chapter.1}% 12
\BOOKMARK [1][-]{section.1.5}{Dissertation Goal}{chapter.1}% 13
\BOOKMARK [1][-]{section.1.6}{Dissertation Organization}{chapter.1}% 14
\BOOKMARK [0][-]{chapter.2}{Verification Background and Related Work}{}% 15
\BOOKMARK [1][-]{section.2.1}{Specification and Mathematical Systems}{chapter.2}% 16
\BOOKMARK [1][-]{section.2.2}{Automated Theorem Provers}{chapter.2}% 17
\BOOKMARK [1][-]{section.2.3}{Benchmarks and Specification Engineering}{chapter.2}% 18
\BOOKMARK [0][-]{chapter.3}{RESOLVE Background and Specification Engineering}{}% 19
\BOOKMARK [1][-]{section.3.1}{RESOLVE Verification System}{chapter.3}% 20
\BOOKMARK [1][-]{section.3.2}{Specification Engineering}{chapter.3}% 21
\BOOKMARK [0][-]{chapter.4}{Minimalist Automated Prover}{}% 22
\BOOKMARK [1][-]{section.4.1}{Version 1 Prover}{chapter.4}% 23
\BOOKMARK [1][-]{section.4.2}{Version 2 Prover}{chapter.4}% 24
\BOOKMARK [1][-]{section.4.3}{Version 3 Prover}{chapter.4}% 25
\BOOKMARK [1][-]{section.4.4}{Soundness and Completeness}{chapter.4}% 26
\BOOKMARK [0][-]{chapter.5}{Mathematical Flexibility}{}% 27
\BOOKMARK [1][-]{section.5.1}{General Design Goals}{chapter.5}% 28
\BOOKMARK [1][-]{section.5.2}{Preliminaries}{chapter.5}% 29
\BOOKMARK [1][-]{section.5.3}{Concrete Features}{chapter.5}% 30
\BOOKMARK [0][-]{chapter.6}{Experimental Evaluation of the Minimalist Prover}{}% 31
\BOOKMARK [1][-]{section.6.1}{Description of Metrics}{chapter.6}% 32
\BOOKMARK [1][-]{section.6.2}{Benchmark Solutions}{chapter.6}% 33
\BOOKMARK [1][-]{section.6.3}{Heuristic Evaluation}{chapter.6}% 34
\BOOKMARK [1][-]{section.6.4}{Observations and Conclusions}{chapter.6}% 35
\BOOKMARK [0][-]{chapter.7}{Evaluation of the Mathematical System}{}% 36
\BOOKMARK [1][-]{section.7.1}{VSTTE Benchmarks}{chapter.7}% 37
\BOOKMARK [1][-]{section.7.2}{Other Benchmarks}{chapter.7}% 38
\BOOKMARK [1][-]{section.7.3}{Summary}{chapter.7}% 39
\BOOKMARK [0][-]{chapter.8}{Conclusions and Future Research}{}% 40
\BOOKMARK [0][-]{section*.131}{Appendices}{}% 41
\BOOKMARK [1][-]{section.2.A}{Theories}{section*.131}% 42
\BOOKMARK [1][-]{section.2.B}{Specifications}{section*.131}% 43
\BOOKMARK [1][-]{section.2.C}{Realizations}{section*.131}% 44
\BOOKMARK [1][-]{section.2.D}{Automated Proofs}{section*.131}% 45
\BOOKMARK [0][-]{section*.132}{Bibliography}{}% 46
