This is pdfTeX, Version 3.1415926-2.4-1.40.13 (TeX Live 2012/Debian) (format=pdflatex 2012.11.17)  30 APR 2013 01:37
entering extended mode
 restricted \write18 enabled.
 %&-line parsing enabled.
**dissertation.tex
(./dissertation.tex
LaTeX2e <2011/06/27>
Babel <v3.8m> and hyphenation patterns for english, dumylang, nohyphenation, lo
aded.
(./ClemsonThesis.cls
Document Class: ClemsonThesis 2007/05/31 Version 1.0 by Andrew R. Dalton, Schoo
l of Computing
(/usr/share/texlive/texmf-dist/tex/latex/base/book.cls
Document Class: book 2007/10/19 v1.4h Standard LaTeX document class
(/usr/share/texlive/texmf-dist/tex/latex/base/bk10.clo
File: bk10.clo 2007/10/19 v1.4h Standard LaTeX file (size option)
)
\c@part=\count79
\c@chapter=\count80
\c@section=\count81
\c@subsection=\count82
\c@subsubsection=\count83
\c@paragraph=\count84
\c@subparagraph=\count85
\c@figure=\count86
\c@table=\count87
\abovecaptionskip=\skip41
\belowcaptionskip=\skip42
\bibindent=\dimen102
)
(/usr/share/texlive/texmf-dist/tex/latex/hyperref/hyperref.sty
Package: hyperref 2012/05/13 v6.82q Hypertext links for LaTeX

(/usr/share/texlive/texmf-dist/tex/generic/oberdiek/hobsub-hyperref.sty
Package: hobsub-hyperref 2012/05/28 v1.13 Bundle oberdiek, subset hyperref (HO)


(/usr/share/texlive/texmf-dist/tex/generic/oberdiek/hobsub-generic.sty
Package: hobsub-generic 2012/05/28 v1.13 Bundle oberdiek, subset generic (HO)
Package: hobsub 2012/05/28 v1.13 Construct package bundles (HO)
Package: infwarerr 2010/04/08 v1.3 Providing info/warning/error messages (HO)
Package: ltxcmds 2011/11/09 v1.22 LaTeX kernel commands for general use (HO)
Package: ifluatex 2010/03/01 v1.3 Provides the ifluatex switch (HO)
Package ifluatex Info: LuaTeX not detected.
Package: ifvtex 2010/03/01 v1.5 Detect VTeX and its facilities (HO)
Package ifvtex Info: VTeX not detected.
Package: intcalc 2007/09/27 v1.1 Expandable calculations with integers (HO)
Package: ifpdf 2011/01/30 v2.3 Provides the ifpdf switch (HO)
Package ifpdf Info: pdfTeX in PDF mode is detected.
Package: etexcmds 2011/02/16 v1.5 Avoid name clashes with e-TeX commands (HO)
Package etexcmds Info: Could not find \expanded.
(etexcmds)             That can mean that you are not using pdfTeX 1.50 or
(etexcmds)             that some package has redefined \expanded.
(etexcmds)             In the latter case, load this package earlier.
Package: kvsetkeys 2012/04/25 v1.16 Key value parser (HO)
Package: kvdefinekeys 2011/04/07 v1.3 Define keys (HO)
Package: pdftexcmds 2011/11/29 v0.20 Utility functions of pdfTeX for LuaTeX (HO
)
Package pdftexcmds Info: LuaTeX not detected.
Package pdftexcmds Info: \pdf@primitive is available.
Package pdftexcmds Info: \pdf@ifprimitive is available.
Package pdftexcmds Info: \pdfdraftmode found.
Package: pdfescape 2011/11/25 v1.13 Implements pdfTeX's escape features (HO)
Package: bigintcalc 2012/04/08 v1.3 Expandable calculations on big integers (HO
)
Package: bitset 2011/01/30 v1.1 Handle bit-vector datatype (HO)
Package: uniquecounter 2011/01/30 v1.2 Provide unlimited unique counter (HO)
)
Package hobsub Info: Skipping package `hobsub' (already loaded).
Package: letltxmacro 2010/09/02 v1.4 Let assignment for LaTeX macros (HO)
Package: hopatch 2012/05/28 v1.2 Wrapper for package hooks (HO)
Package: xcolor-patch 2011/01/30 xcolor patch
Package: atveryend 2011/06/30 v1.8 Hooks at the very end of document (HO)
Package atveryend Info: \enddocument detected (standard20110627).
Package: atbegshi 2011/10/05 v1.16 At begin shipout hook (HO)
Package: refcount 2011/10/16 v3.4 Data extraction from label references (HO)
Package: hycolor 2011/01/30 v1.7 Color options for hyperref/bookmark (HO)
)
(/usr/share/texlive/texmf-dist/tex/latex/graphics/keyval.sty
Package: keyval 1999/03/16 v1.13 key=value parser (DPC)
\KV@toks@=\toks14
)
(/usr/share/texlive/texmf-dist/tex/generic/ifxetex/ifxetex.sty
Package: ifxetex 2010/09/12 v0.6 Provides ifxetex conditional
)
(/usr/share/texlive/texmf-dist/tex/latex/oberdiek/kvoptions.sty
Package: kvoptions 2011/06/30 v3.11 Key value format for package options (HO)
)
\@linkdim=\dimen103
\Hy@linkcounter=\count88
\Hy@pagecounter=\count89

(/usr/share/texlive/texmf-dist/tex/latex/hyperref/pd1enc.def
File: pd1enc.def 2012/05/13 v6.82q Hyperref: PDFDocEncoding definition (HO)
)
\Hy@SavedSpaceFactor=\count90

(/usr/share/texlive/texmf-dist/tex/latex/latexconfig/hyperref.cfg
File: hyperref.cfg 2002/06/06 v1.2 hyperref configuration of TeXLive
)
Package hyperref Info: Option `plainpages' set `false' on input line 3941.
Package hyperref Info: Option `pdfpagelabels' set `true' on input line 3941.
Package hyperref Info: Hyper figures OFF on input line 4062.
Package hyperref Info: Link nesting OFF on input line 4067.
Package hyperref Info: Hyper index ON on input line 4070.
Package hyperref Info: Plain pages OFF on input line 4077.
Package hyperref Info: Backreferencing OFF on input line 4082.
Package hyperref Info: Implicit mode ON; LaTeX internals redefined.
Package hyperref Info: Bookmarks ON on input line 4300.
\c@Hy@tempcnt=\count91

(/usr/share/texlive/texmf-dist/tex/latex/url/url.sty
\Urlmuskip=\muskip10
Package: url 2006/04/12  ver 3.3  Verb mode for urls, etc.
)
LaTeX Info: Redefining \url on input line 4653.
\Fld@menulength=\count92
\Field@Width=\dimen104
\Fld@charsize=\dimen105
Package hyperref Info: Hyper figures OFF on input line 5773.
Package hyperref Info: Link nesting OFF on input line 5778.
Package hyperref Info: Hyper index ON on input line 5781.
Package hyperref Info: backreferencing OFF on input line 5788.
Package hyperref Info: Link coloring OFF on input line 5793.
Package hyperref Info: Link coloring with OCG OFF on input line 5798.
Package hyperref Info: PDF/A mode OFF on input line 5803.
LaTeX Info: Redefining \ref on input line 5843.
LaTeX Info: Redefining \pageref on input line 5847.
\Hy@abspage=\count93
\c@Item=\count94
\c@Hfootnote=\count95
)

Package hyperref Message: Driver (autodetected): hpdftex.

(/usr/share/texlive/texmf-dist/tex/latex/hyperref/hpdftex.def
File: hpdftex.def 2012/05/13 v6.82q Hyperref driver for pdfTeX
\Fld@listcount=\count96
\c@bookmark@seq@number=\count97

(/usr/share/texlive/texmf-dist/tex/latex/oberdiek/rerunfilecheck.sty
Package: rerunfilecheck 2011/04/15 v1.7 Rerun checks for auxiliary files (HO)
Package uniquecounter Info: New unique counter `rerunfilecheck' on input line 2
82.
)
\Hy@SectionHShift=\skip43
)
(/usr/share/texlive/texmf-dist/tex/latex/geometry/geometry.sty
Package: geometry 2010/09/12 v5.6 Page Geometry
\Gm@cnth=\count98
\Gm@cntv=\count99
\c@Gm@tempcnt=\count100
\Gm@bindingoffset=\dimen106
\Gm@wd@mp=\dimen107
\Gm@odd@mp=\dimen108
\Gm@even@mp=\dimen109
\Gm@layoutwidth=\dimen110
\Gm@layoutheight=\dimen111
\Gm@layouthoffset=\dimen112
\Gm@layoutvoffset=\dimen113
\Gm@dimlist=\toks15
)
(/usr/share/texlive/texmf-dist/tex/latex/appendix/appendix.sty
Package: appendix 2009/09/02 v1.2b extra appendix facilities
\c@@pps=\count101
\c@@ppsavesec=\count102
\c@@ppsaveapp=\count103
)
(/usr/share/texlive/texmf-dist/tex/latex/tocloft/tocloft.sty
Package: tocloft 2010/10/13 v2.3e parameterised ToC, etc., typesetting
Package tocloft Info: The document has chapter divisions on input line 43.
\cftparskip=\skip44
\cftbeforetoctitleskip=\skip45
\cftaftertoctitleskip=\skip46
\cftbeforepartskip=\skip47
\cftpartnumwidth=\skip48
\cftpartindent=\skip49
\cftbeforechapskip=\skip50
\cftchapindent=\skip51
\cftchapnumwidth=\skip52
\cftbeforesecskip=\skip53
\cftsecindent=\skip54
\cftsecnumwidth=\skip55
\cftbeforesubsecskip=\skip56
\cftsubsecindent=\skip57
\cftsubsecnumwidth=\skip58
\cftbeforesubsubsecskip=\skip59
\cftsubsubsecindent=\skip60
\cftsubsubsecnumwidth=\skip61
\cftbeforeparaskip=\skip62
\cftparaindent=\skip63
\cftparanumwidth=\skip64
\cftbeforesubparaskip=\skip65
\cftsubparaindent=\skip66
\cftsubparanumwidth=\skip67
\cftbeforeloftitleskip=\skip68
\cftafterloftitleskip=\skip69
\cftbeforefigskip=\skip70
\cftfigindent=\skip71
\cftfignumwidth=\skip72
\c@lofdepth=\count104
\c@lotdepth=\count105
\cftbeforelottitleskip=\skip73
\cftafterlottitleskip=\skip74
\cftbeforetabskip=\skip75
\cfttabindent=\skip76
\cfttabnumwidth=\skip77
)
(/usr/share/texlive/texmf-dist/tex/latex/tools/indentfirst.sty
Package: indentfirst 1995/11/23 v1.03 Indent first paragraph (DPC)
)
(/usr/share/texlive/texmf-dist/tex/latex/fancyhdr/fancyhdr.sty
\fancy@headwidth=\skip78
\f@ncyO@elh=\skip79
\f@ncyO@erh=\skip80
\f@ncyO@olh=\skip81
\f@ncyO@orh=\skip82
\f@ncyO@elf=\skip83
\f@ncyO@erf=\skip84
\f@ncyO@olf=\skip85
\f@ncyO@orf=\skip86
)
(/usr/share/texlive/texmf-dist/tex/latex/graphics/graphicx.sty
Package: graphicx 1999/02/16 v1.0f Enhanced LaTeX Graphics (DPC,SPQR)

(/usr/share/texlive/texmf-dist/tex/latex/graphics/graphics.sty
Package: graphics 2009/02/05 v1.0o Standard LaTeX Graphics (DPC,SPQR)

(/usr/share/texlive/texmf-dist/tex/latex/graphics/trig.sty
Package: trig 1999/03/16 v1.09 sin cos tan (DPC)
)
(/usr/share/texlive/texmf-dist/tex/latex/latexconfig/graphics.cfg
File: graphics.cfg 2010/04/23 v1.9 graphics configuration of TeX Live
)
Package graphics Info: Driver file: pdftex.def on input line 91.

(/usr/share/texlive/texmf-dist/tex/latex/pdftex-def/pdftex.def
File: pdftex.def 2011/05/27 v0.06d Graphics/color for pdfTeX
\Gread@gobject=\count106
))
\Gin@req@height=\dimen114
\Gin@req@width=\dimen115
)
(/usr/share/texlive/texmf-dist/tex/latex/setspace/setspace.sty
Package: setspace 2011/12/19 v6.7a set line spacing
)) (./setup.tex
(/usr/share/texlive/texmf-dist/tex/latex/listings/listings.sty
\lst@mode=\count107
\lst@gtempboxa=\box26
\lst@token=\toks16
\lst@length=\count108
\lst@currlwidth=\dimen116
\lst@column=\count109
\lst@pos=\count110
\lst@lostspace=\dimen117
\lst@width=\dimen118
\lst@newlines=\count111
\lst@lineno=\count112
\lst@maxwidth=\dimen119

(/usr/share/texlive/texmf-dist/tex/latex/listings/lstmisc.sty
File: lstmisc.sty 2007/02/22 1.4 (Carsten Heinz)
\c@lstnumber=\count113
\lst@skipnumbers=\count114
\lst@framebox=\box27
)
(/usr/share/texlive/texmf-dist/tex/latex/listings/listings.cfg
File: listings.cfg 2007/02/22 1.4 listings configuration
))
Package: listings 2007/02/22 1.4 (Carsten Heinz)

(/usr/share/texlive/texmf-dist/tex/latex/amscls/amsthm.sty
Package: amsthm 2009/07/02 v2.20.1
\thm@style=\toks17
\thm@bodyfont=\toks18
\thm@headfont=\toks19
\thm@notefont=\toks20
\thm@headpunct=\toks21
\thm@preskip=\skip87
\thm@postskip=\skip88
\thm@headsep=\skip89
\dth@everypar=\toks22
)
(/usr/share/texlive/texmf-dist/tex/latex/amsfonts/amsfonts.sty
Package: amsfonts 2009/06/22 v3.00 Basic AMSFonts support
\@emptytoks=\toks23
\symAMSa=\mathgroup4
\symAMSb=\mathgroup5
LaTeX Font Info:    Overwriting math alphabet `\mathfrak' in version `bold'
(Font)                  U/euf/m/n --> U/euf/b/n on input line 96.
)
(/usr/share/texlive/texmf-dist/tex/latex/amsfonts/amssymb.sty
Package: amssymb 2009/06/22 v3.00
)
(/usr/share/texlive/texmf-dist/tex/latex/amsmath/amsmath.sty
Package: amsmath 2000/07/18 v2.13 AMS math features
\@mathmargin=\skip90

For additional information on amsmath, use the `?' option.
(/usr/share/texlive/texmf-dist/tex/latex/amsmath/amstext.sty
Package: amstext 2000/06/29 v2.01

(/usr/share/texlive/texmf-dist/tex/latex/amsmath/amsgen.sty
File: amsgen.sty 1999/11/30 v2.0
\@emptytoks=\toks24
\ex@=\dimen120
))
(/usr/share/texlive/texmf-dist/tex/latex/amsmath/amsbsy.sty
Package: amsbsy 1999/11/29 v1.2d
\pmbraise@=\dimen121
)
(/usr/share/texlive/texmf-dist/tex/latex/amsmath/amsopn.sty
Package: amsopn 1999/12/14 v2.01 operator names
)
\inf@bad=\count115
LaTeX Info: Redefining \frac on input line 211.
\uproot@=\count116
\leftroot@=\count117
LaTeX Info: Redefining \overline on input line 307.
\classnum@=\count118
\DOTSCASE@=\count119
LaTeX Info: Redefining \ldots on input line 379.
LaTeX Info: Redefining \dots on input line 382.
LaTeX Info: Redefining \cdots on input line 467.
\Mathstrutbox@=\box28
\strutbox@=\box29
\big@size=\dimen122
LaTeX Font Info:    Redeclaring font encoding OML on input line 567.
LaTeX Font Info:    Redeclaring font encoding OMS on input line 568.
\macc@depth=\count120
\c@MaxMatrixCols=\count121
\dotsspace@=\muskip11
\c@parentequation=\count122
\dspbrk@lvl=\count123
\tag@help=\toks25
\row@=\count124
\column@=\count125
\maxfields@=\count126
\andhelp@=\toks26
\eqnshift@=\dimen123
\alignsep@=\dimen124
\tagshift@=\dimen125
\tagwidth@=\dimen126
\totwidth@=\dimen127
\lineht@=\dimen128
\@envbody=\toks27
\multlinegap=\skip91
\multlinetaggap=\skip92
\mathdisplay@stack=\toks28
LaTeX Info: Redefining \[ on input line 2666.
LaTeX Info: Redefining \] on input line 2667.
)
(/usr/share/texlive/texmf-dist/tex/latex/caption/caption.sty
Package: caption 2012/02/19 v3.2f Customizing captions (AR)

(/usr/share/texlive/texmf-dist/tex/latex/caption/caption3.sty
Package: caption3 2012/01/12 v1.4b caption3 kernel (AR)
\captionmargin=\dimen129
\captionmargin@=\dimen130
\captionwidth=\dimen131
\caption@indent=\dimen132
\caption@parindent=\dimen133
\caption@hangindent=\dimen134
)
\c@ContinuedFloat=\count127
Package caption Info: hyperref package is loaded.
Package caption Info: listings package is loaded.
)
(/usr/share/texlive/texmf-dist/tex/latex/caption/subcaption.sty
Package: subcaption 2012/01/12 v1.1d Sub-captions (AR)
\c@subfigure=\count128
\c@subtable=\count129
)
(/usr/share/texlive/texmf-dist/tex/latex/jknapltx/mathrsfs.sty
Package: mathrsfs 1996/01/01 Math RSFS package v1.0 (jk)
\symrsfs=\mathgroup6
)
(/usr/share/texlive/texmf-dist/tex/latex/booktabs/booktabs.sty
Package: booktabs 2005/04/14 v1.61803 publication quality tables
\heavyrulewidth=\dimen135
\lightrulewidth=\dimen136
\cmidrulewidth=\dimen137
\belowrulesep=\dimen138
\belowbottomsep=\dimen139
\aboverulesep=\dimen140
\abovetopsep=\dimen141
\cmidrulesep=\dimen142
\cmidrulekern=\dimen143
\defaultaddspace=\dimen144
\@cmidla=\count130
\@cmidlb=\count131
\@aboverulesep=\dimen145
\@belowrulesep=\dimen146
\@thisruleclass=\count132
\@lastruleclass=\count133
\@thisrulewidth=\dimen147
)
(/usr/share/texlive/texmf-dist/tex/latex/placeins/placeins.sty
Package: placeins 2005/04/18  v 2.2
)
\c@thm=\count134
)
Package hyperref Info: Option `colorlinks' set `true' on input line 53.


Package hyperref Warning: Token not allowed in a PDF string (PDFDocEncoding):
(hyperref)                removing `\\' on input line 53.

(./dissertation.aux)
\openout1 = `dissertation.aux'.

LaTeX Font Info:    Checking defaults for OML/cmm/m/it on input line 65.
LaTeX Font Info:    ... okay on input line 65.
LaTeX Font Info:    Checking defaults for T1/cmr/m/n on input line 65.
LaTeX Font Info:    ... okay on input line 65.
LaTeX Font Info:    Checking defaults for OT1/cmr/m/n on input line 65.
LaTeX Font Info:    ... okay on input line 65.
LaTeX Font Info:    Checking defaults for OMS/cmsy/m/n on input line 65.
LaTeX Font Info:    ... okay on input line 65.
LaTeX Font Info:    Checking defaults for OMX/cmex/m/n on input line 65.
LaTeX Font Info:    ... okay on input line 65.
LaTeX Font Info:    Checking defaults for U/cmr/m/n on input line 65.
LaTeX Font Info:    ... okay on input line 65.
LaTeX Font Info:    Checking defaults for PD1/pdf/m/n on input line 65.
LaTeX Font Info:    ... okay on input line 65.
\AtBeginShipoutBox=\box30

(/usr/share/texlive/texmf-dist/tex/latex/graphics/color.sty
Package: color 2005/11/14 v1.0j Standard LaTeX Color (DPC)

(/usr/share/texlive/texmf-dist/tex/latex/latexconfig/color.cfg
File: color.cfg 2007/01/18 v1.5 color configuration of teTeX/TeXLive
)
Package color Info: Driver file: pdftex.def on input line 130.
)
Package hyperref Info: Link coloring ON on input line 65.

(/usr/share/texlive/texmf-dist/tex/latex/hyperref/nameref.sty
Package: nameref 2010/04/30 v2.40 Cross-referencing by name of section

(/usr/share/texlive/texmf-dist/tex/generic/oberdiek/gettitlestring.sty
Package: gettitlestring 2010/12/03 v1.4 Cleanup title references (HO)
)
\c@section@level=\count135
)
LaTeX Info: Redefining \ref on input line 65.
LaTeX Info: Redefining \pageref on input line 65.
LaTeX Info: Redefining \nameref on input line 65.

(./dissertation.out) (./dissertation.out)
\@outlinefile=\write3
\openout3 = `dissertation.out'.


*geometry* driver: auto-detecting
*geometry* detected driver: pdftex
*geometry* verbose mode - [ preamble ] result:
* driver: pdftex
* paper: letterpaper
* layout: <same size as paper>
* layoutoffset:(h,v)=(0.0pt,0.0pt)
* modes: 
* h-part:(L,W,R)=(90.3375pt, 433.62001pt, 90.3375pt)
* v-part:(T,H,B)=(90.3375pt, 614.295pt, 90.3375pt)
* \paperwidth=614.295pt
* \paperheight=794.96999pt
* \textwidth=433.62001pt
* \textheight=614.295pt
* \oddsidemargin=18.0675pt
* \evensidemargin=18.0675pt
* \topmargin=-11.99998pt
* \headheight=12.0pt
* \headsep=18.06749pt
* \topskip=10.0pt
* \footskip=25.29494pt
* \marginparwidth=69.0pt
* \marginparsep=7.0pt
* \columnsep=10.0pt
* \skip\footins=9.0pt plus 4.0pt minus 2.0pt
* \hoffset=0.0pt
* \voffset=0.0pt
* \mag=1000
* \@twocolumnfalse
* \@twosidefalse
* \@mparswitchfalse
* \@reversemarginfalse
* (1in=72.27pt=25.4mm, 1cm=28.453pt)

(/usr/share/texlive/texmf-dist/tex/context/base/supp-pdf.mkii
[Loading MPS to PDF converter (version 2006.09.02).]
\scratchcounter=\count136
\scratchdimen=\dimen148
\scratchbox=\box31
\nofMPsegments=\count137
\nofMParguments=\count138
\everyMPshowfont=\toks29
\MPscratchCnt=\count139
\MPscratchDim=\dimen149
\MPnumerator=\count140
\makeMPintoPDFobject=\count141
\everyMPtoPDFconversion=\toks30
) (/usr/share/texlive/texmf-dist/tex/latex/oberdiek/epstopdf-base.sty
Package: epstopdf-base 2010/02/09 v2.5 Base part for package epstopdf

(/usr/share/texlive/texmf-dist/tex/latex/oberdiek/grfext.sty
Package: grfext 2010/08/19 v1.1 Manage graphics extensions (HO)
)
Package grfext Info: Graphics extension search list:
(grfext)             [.png,.pdf,.jpg,.mps,.jpeg,.jbig2,.jb2,.PNG,.PDF,.JPG,.JPE
G,.JBIG2,.JB2,.eps]
(grfext)             \AppendGraphicsExtensions on input line 452.

(/usr/share/texlive/texmf-dist/tex/latex/latexconfig/epstopdf-sys.cfg
File: epstopdf-sys.cfg 2010/07/13 v1.3 Configuration of (r)epstopdf for TeX Liv
e
))
\c@lstlisting=\count142
Package caption Info: Begin \AtBeginDocument code.
Package caption Info: End \AtBeginDocument code.

[1




{/var/lib/texmf/fonts/map/pdftex/updmap/pdftex.map}] (./abstract.tex)
[2


] (./dedication.tex) [3


] (./acknowledgments.tex) [4


] (./dissertation.toc
LaTeX Font Info:    Try loading font information for U+msa on input line 1.

(/usr/share/texlive/texmf-dist/tex/latex/amsfonts/umsa.fd
File: umsa.fd 2009/06/22 v3.00 AMS symbols A
)
LaTeX Font Info:    Try loading font information for U+msb on input line 1.

(/usr/share/texlive/texmf-dist/tex/latex/amsfonts/umsb.fd
File: umsb.fd 2009/06/22 v3.00 AMS symbols B
)
LaTeX Font Info:    Try loading font information for U+rsfs on input line 1.

(/usr/share/texlive/texmf-dist/tex/latex/jknapltx/ursfs.fd
File: ursfs.fd 1998/03/24 rsfs font definition file (jk)
)
Overfull \hbox (0.65268pt too wide) detected at line 6
 \OT1/cmr/bx/n/10 viii
 []

[5

]
Overfull \hbox (2.2499pt too wide) detected at line 147
 \OT1/cmr/bx/n/10 115
 []


Overfull \hbox (2.2499pt too wide) detected at line 148
 \OT1/cmr/bx/n/10 118
 []


Overfull \hbox (2.2499pt too wide) detected at line 194
 \OT1/cmr/bx/n/10 292
 []

)
\tf@toc=\write4
\openout4 = `dissertation.toc'.

 [6] (./dissertation.lot)
\tf@lot=\write5
\openout5 = `dissertation.lot'.

 [7

] (./dissertation.lof)
\tf@lof=\write6
\openout6 = `dissertation.lof'.

 [8

] (./dissertation.lol
[9

])
\tf@lol=\write7
\openout7 = `dissertation.lol'.

 [10] (./introduction.tex
Chapter 1.
[1



] <verification_pipeline.png, id=497, 819.06pt x 255.95625pt>
File: verification_pipeline.png Graphic file (type png)

<use verification_pipeline.png>
Package pdftex.def Info: verification_pipeline.png used on input line 12.
(pdftex.def)             Requested size: 433.62001pt x 135.50774pt.
 [2 <./verification_pipeline.png>]
(/usr/share/texlive/texmf-dist/tex/latex/listings/lstlang1.sty
File: lstlang1.sty 2004/09/05 1.3 listings language file
)
Package hyperref Info: bookmark level for unknown lstlisting defaults to 0 on i
nput line 34.

(./ArrayList1.java
LaTeX Font Info:    Try loading font information for OMS+cmr on input line 2.
 (/usr/share/texlive/texmf-dist/tex/latex/base/omscmr.fd
File: omscmr.fd 1999/05/25 v2.5h Standard LaTeX font definitions
)
LaTeX Font Info:    Font shape `OMS/cmr/m/it' in size <8> not available
(Font)              Font shape `OMS/cmsy/m/n' tried instead on input line 2.
LaTeX Font Info:    Font shape `OMS/cmr/m/n' in size <8> not available
(Font)              Font shape `OMS/cmsy/m/n' tried instead on input line 5.
LaTeX Font Info:    Try loading font information for OML+cmr on input line 7.

(/usr/share/texlive/texmf-dist/tex/latex/base/omlcmr.fd
File: omlcmr.fd 1999/05/25 v2.5h Standard LaTeX font definitions
)
LaTeX Font Info:    Font shape `OML/cmr/m/it' in size <8> not available
(Font)              Font shape `OML/cmm/m/it' tried instead on input line 7.
LaTeX Font Info:    Font shape `OML/cmr/m/n' in size <8> not available
(Font)              Font shape `OML/cmm/m/it' tried instead on input line 10.
) [3] [4] [5]
<proverpart.png, id=579, 819.06pt x 255.95625pt>
File: proverpart.png Graphic file (type png)
 <use proverpart.png>
Package pdftex.def Info: proverpart.png used on input line 55.
(pdftex.def)             Requested size: 433.62001pt x 135.50774pt.
 [6 <./proverpart.png>] (./DivPred.coq) (./DivImpl.coq) (./DivTheorem.coq) [7]
(./DivProof.coq) [8] <vcpart.png, id=640, 819.06pt x 255.95625pt>
File: vcpart.png Graphic file (type png)

<use vcpart.png>
Package pdftex.def Info: vcpart.png used on input line 88.
(pdftex.def)             Requested size: 433.62001pt x 135.50774pt.
 [9 <./vcpart.png>]
<specpart.png, id=649, 819.06pt x 255.95625pt>
File: specpart.png Graphic file (type png)
 <use specpart.png>
Package pdftex.def Info: specpart.png used on input line 105.
(pdftex.def)             Requested size: 433.62001pt x 135.50774pt.
 [10 <./specpart.png>]
LaTeX Font Info:    Font shape `OMS/cmr/m/n' in size <10> not available
(Font)              Font shape `OMS/cmsy/m/n' tried instead on input line 117.
 [11] [12] [13]) [14] (./background.tex
Chapter 2.
[15


] [16] [17] [18] [19] [20]) [21] (./resolvebackground.tex
Chapter 3.
[22


] (./Stack_Template.co) [23] (./Array_Realiz.rb [24]) [25]
(./Pop_Convention.asrt) (./Flipping_Capability.en)
Overfull \hbox (2.70596pt too wide) in paragraph at lines 52--53
\OT1/cmr/m/n/10 the VC-generation and prov-ing pro-cess is the same. Con-sider 
the re-al-iza-tion of \OT1/cmtt/m/n/10 Flipping[]Capability
 []

[26] (./Obvious_Flip_Realiz.rb) [27] (./JMLAdd.jml) [28] [29]
(./StackFlipVC1.asrt)) [30] (./prover.tex
Chapter 4.
[31


] (./StackFlipVC2.asrt) [32] [33] (./longVC.asrt
Overfull \hbox (15.18993pt too wide) in paragraph at lines 4--5
[][][][][][][][][][][][][][][][][][][][][][][][][][][][][] 
 []


Overfull \hbox (15.18993pt too wide) in paragraph at lines 8--9
[][][][][][][][][][][][][][][][][][][][][][][][][][][][][] 
 []

) [34] (./longVCReduced.asrt) [35] [36] [37] [38]
<proverDebugMode.png, id=1106, 415.5525pt x 552.0625pt>
File: proverDebugMode.png Graphic file (type png)

<use proverDebugMode.png>
Package pdftex.def Info: proverDebugMode.png used on input line 159.
(pdftex.def)             Requested size: 195.12767pt x 259.22511pt.
 [39] [40 <./proverDebugMode.png>]
<newProverInterface.png, id=1121, 663.47874pt x 456.70625pt>
File: newProverInterface.png Graphic file (type png)

<use newProverInterface.png>
Package pdftex.def Info: newProverInterface.png used on input line 181.
(pdftex.def)             Requested size: 325.215pt x 223.86467pt.
 [41 <./newProverInterface.png>]
(./proverOutput.proof)

LaTeX Warning: `!h' float specifier changed to `!ht'.

[42] [43] [44] [45] [46]
LaTeX Font Info:    Font shape `OT1/cmtt/bx/n' in size <12> not available
(Font)              Font shape `OT1/cmtt/m/n' tried instead on input line 276.
 [47] [48]) [49] (./mathSystem.tex
Chapter 5.
[50


] [51] [52] [53] [54] [55]

LaTeX Warning: `h' float specifier changed to `ht'.

[56] [57] [58]
Overfull \hbox (8.21243pt too wide) in paragraph at lines 315--318
 []$[]$ 
 []


Overfull \hbox (23.71912pt too wide) in paragraph at lines 329--332
 []$[]$ 
 []

[59] [60] [61] [62] <universe.png, id=1484, 273.49678pt x 302.40479pt>
File: universe.png Graphic file (type png)

<use universe.png>
Package pdftex.def Info: universe.png used on input line 427.
(pdftex.def)             Requested size: 143.09538pt x 158.225pt.
 [63 <./universe.png>] [64]

LaTeX Warning: `h' float specifier changed to `ht'.

[65] [66] [67]
Overfull \hbox (20.20972pt too wide) in paragraph at lines 584--585
[]\OT1/cmr/m/n/10 So, in our above ex-am-ple, the static re-quire-ments would b
e: $\OML/cmm/m/it/10 T[] \OT1/cmr/m/n/10 : \OML/cmm/m/it/10 MType; T[] \OT1/cmr
/m/n/10 : \OML/cmm/m/it/10 Powerset\OT1/cmr/m/n/10 (\OML/cmm/m/it/10 T[]\OT1/cm
r/m/n/10 )\OML/cmm/m/it/10 ; T[] \OT1/cmr/m/n/10 =
 []

[68] <typeGraph.png, id=1574, 328.427pt x 336.457pt>
File: typeGraph.png Graphic file (type png)
 <use typeGraph.png>
Package pdftex.def Info: typeGraph.png used on input line 610.
(pdftex.def)             Requested size: 216.81pt x 222.11365pt.

Overfull \hbox (1.85355pt too wide) detected at line 670
[]
 []

[69] [70 <./typeGraph.png>] [71] [72]) [73] (./proverEval/proverEvaluation.tex
Chapter 6.
[74


] [75] (./proverEval/examples/IntegerPlusTimesSpecs.en) [76]
Overfull \hbox (5.68367pt too wide) in paragraph at lines 47--48
[]\OT1/cmr/m/n/10 We ex-per-i-mented both with an it-er-a-tive and re-cur-sive 
im-ple-men-ta-tion of \OT1/cmtt/m/n/10 Adding[]Capability\OT1/cmr/m/n/10 .
 []

(./proverEval/examples/Recursive_Add_to_Realiz.rb)
(./proverEval/examples/Iterative_Multiply_into_Realiz.rb)

LaTeX Warning: `h' float specifier changed to `ht'.


Overfull \hbox (9.44489pt too wide) in paragraph at lines 65--79
 [][] 
 []


Overfull \hbox (9.44489pt too wide) in paragraph at lines 84--98
 [][] 
 []

[77] [78] (./proverEval/examples/Search_Capability.en)
(./proverEval/examples/Bin_Search_Realiz.rb) [79

] [80]
(./proverEval/examples/Static_Array_Template.co
Overfull \hbox (10.08981pt too wide) in paragraph at lines 1--2
[][][][][][][][][][][][][][][][][][][][][][] 
 []


Overfull \hbox (45.7906pt too wide) in paragraph at lines 11--12
[][][][][][][][][][][][][][][][][][][][][][][][][][][][][][][] 
 []

) (./proverEval/examples/BrokenVC.asrt)

LaTeX Warning: `!h' float specifier changed to `!ht'.


LaTeX Warning: `!h' float specifier changed to `!ht'.


LaTeX Warning: `!h' float specifier changed to `!ht'.

[81

]

LaTeX Warning: `!h' float specifier changed to `!ht'.

[82] [83] (./proverEval/examples/Sorting_Capability.en)
(./proverEval/examples/Selection_Sort_Realization.rb)

LaTeX Warning: `!h' float specifier changed to `!ht'.


LaTeX Warning: `!h' float specifier changed to `!ht'.

[84] [85] [86] (./proverEval/examples/Flipping_Capability.en)
(./proverEval/examples/Recursive_Flipping_Realiz.rb) [87

] [88]
(./proverEval/examples/Stack_Template.co)
(./proverEval/examples/Array_Realiz.rb)

LaTeX Warning: `h' float specifier changed to `ht'.

[89] [90] (./proverEval/examples/Tree_Template.co)
(./proverEval/examples/Do_Nothing_Capability.en)

LaTeX Warning: `h' float specifier changed to `ht'.

(./proverEval/examples/Obvious_Do_Nothing_Realiz.rb)

LaTeX Warning: `h' float specifier changed to `ht'.

[91

] [92] [93]
<proverEval/proofResults3.png, id=2186, 328.22626pt x 285.065pt>
File: proverEval/proofResults3.png Graphic file (type png)

<use proverEval/proofResults3.png>
Package pdftex.def Info: proverEval/proofResults3.png used on input line 562.
(pdftex.def)             Requested size: 173.44534pt x 150.64005pt.

<proverEval/searchSteps2.png, id=2187, 411.5375pt x 228.855pt>
File: proverEval/searchSteps2.png Graphic file (type png)

<use proverEval/searchSteps2.png>
Package pdftex.def Info: proverEval/searchSteps2.png used on input line 568.
(pdftex.def)             Requested size: 238.49232pt x 132.62424pt.
 [94 <./proverEval/proofResults3.png> <./proverEval/searchSteps2.png>]) [95] (.
/mathEval/mathSystemEvaluation.tex
Chapter 7.
[96


] (./mathEval/examples/Integer_Theory1.mt)
Overfull \hbox (8.84908pt too wide) in paragraph at lines 31--32
[]\OT1/cmr/m/n/10 Categorical def-i-ni-tions were de-scribed in Sec-tion [][]5.
3.6[][] and per-mit mul-ti-ple mutually-dependent
 []


Overfull \hbox (1.84805pt too wide) in paragraph at lines 31--32
\OT1/cmr/m/n/10 ni-tion, \OT1/cmtt/m/n/10 Is[]Monogenerator[]For() \OT1/cmr/m/n
/10 to re-late these sym-bols. This is drawn from \OT1/cmtt/m/n/10 Monogenerato
r[]Theory
 []

(./mathEval/examples/Monogenerator_Theory1.mt)

LaTeX Warning: `h' float specifier changed to `ht'.

(./mathEval/examples/Basic_Function_Properties_Theory1.mt)

LaTeX Warning: `h' float specifier changed to `ht'.

[97] (./mathEval/examples/Integer_Theory2.mt)

LaTeX Warning: `h' float specifier changed to `ht'.


LaTeX Warning: `h' float specifier changed to `ht'.

[98] (./mathEval/examples/Static_Array_Template1.co
Overfull \hbox (10.08981pt too wide) in paragraph at lines 1--2
[][][][][][][][][][][][][][][][][][][][][][] 
 []

)

LaTeX Warning: `h' float specifier changed to `ht'.

[99] (./mathEval/examples/String_Theory1.mt
Overfull \hbox (4.9897pt too wide) in paragraph at lines 6--7
[][][][][][][][][][][][][][][][][][][][][][][][][][][][][][][][] 
 []

)

LaTeX Warning: `h' float specifier changed to `ht'.

[100]
Overfull \hbox (16.39114pt too wide) in paragraph at lines 104--105
[]\OT1/cmr/m/n/10 A tricky nu-ance of per-mit-ting such type-parameterized stri
ngs is how to type the \OT1/cmtt/m/n/10 Empty[]String[][][][][]\OT1/cmr/m/n/10 
.
 []

[101]

LaTeX Warning: `h' float specifier changed to `ht'.

[102] [103] (./mathEval/examples/Sorting_Capability.en)
(./mathEval/examples/Total_Preordering_Theory1.mt)

LaTeX Warning: `h' float specifier changed to `ht'.

(./mathEval/examples/totalpreorderingvc.asrt)

LaTeX Warning: `h' float specifier changed to `ht'.

[104]

LaTeX Warning: `h' float specifier changed to `ht'.

[105] [106] (./mathEval/examples/Array_Realiz1.rb)

LaTeX Warning: `h' float specifier changed to `ht'.

[107] (./mathEval/examples/Binary_Iterator_Theory1.mt) [108]
(./mathEval/examples/arrayrealizvc.asrt)

LaTeX Warning: `h' float specifier changed to `ht'.

[109]
Overfull \hbox (34.32404pt too wide) in paragraph at lines 330--331
[]\OT1/cmr/m/n/10 First, con-sider List-ing [][]7.23[][], where rather than pas
s \OT1/cmtt/m/n/10 Value[]Function \OT1/cmr/m/n/10 through to \OT1/cmtt/m/n/10 
Iterative[]Apply()\OT1/cmr/m/n/10 ,
 []


LaTeX Warning: `h' float specifier changed to `ht'.

[110] (./mathEval/examples/Tree_Theory.mt)

LaTeX Warning: `h' float specifier changed to `ht'.

[111] [112] [113]) [114] (./conclusion.tex
Chapter 8.
[115


] [116]) [117] [118



] (./appendices/a.tex [119] [120] [121] [122] [123]
[124] [125] [126] [127] [128] [129] [130] [131] [132] [133] [134] [135]
[136] [137] [138] [139]) [140] (./appendices/b.tex [141

] [142] [143] [144]
[145] [146] [147] [148]) [149] (./appendices/c.tex [150

] [151] [152] [153]
[154]) [155] (./appendices/d.tex [156

] [157] [158] [159] [160] [161] [162]
[163] [164] [165] [166] [167] [168] [169] [170] [171] [172] [173] [174]
[175] [176] [177] [178] [179] [180] [181] [182] [183] [184] [185] [186]
[187] [188] [189] [190] [191] [192] [193] [194] [195] [196] [197] [198]
[199] [200] [201] [202] [203] [204] [205] [206] [207] [208] [209] [210]
[211] [212] [213] [214] [215] [216] [217] [218] [219] [220] [221] [222]
[223] [224] [225] [226] [227] [228] [229] [230] [231] [232] [233] [234]
[235] [236] [237] [238] [239] [240] [241] [242] [243] [244] [245] [246]
[247] [248] [249] [250] [251] [252] [253] [254] [255] [256] [257] [258]
[259] [260] [261] [262] [263] [264] [265] [266] [267] [268] [269] [270]
[271] [272] [273] [274] [275] [276] [277] [278] [279] [280] [281] [282]
[283] [284] [285] [286] [287] [288] [289] [290]) [291] (./dissertation.bbl
Missing character: There is no â in font cmr10!
Missing character: There is no € in font cmr10!
Missing character: There is no ™ in font cmr10!

[292


]
Missing character: There is no Ã in font cmr10!
Missing character: There is no ¸ in font cmr10!
Missing character: There is no â in font cmr10!
Missing character: There is no € in font cmr10!
Missing character: There is no ™ in font cmr10!
 [293]
Underfull \hbox (badness 1158) in paragraph at lines 252--257
[]\OT1/cmr/m/n/10 Gary T. Leav-ens, Al-bert L. Baker, and Clyde Ruby.  JML: a J
ava Mod-el-ing Lan-
 []

[294]
Missing character: There is no Ã in font cmr10!
Missing character: There is no ¡ in font cmr10!
 [295]
Missing character: There is no Ã in font cmr10!
Missing character: There is no ¤ in font cmr10!
Missing character: There is no Ã in font cmr10!
Missing character: There is no ¼ in font cmr10!
) [296]
Package atveryend Info: Empty hook `BeforeClearDocument' on input line 168.
Package atveryend Info: Empty hook `AfterLastShipout' on input line 168.
 (./dissertation.aux)
Package atveryend Info: Executing hook `AtVeryEndDocument' on input line 168.
Package atveryend Info: Executing hook `AtEndAfterFileList' on input line 168.
Package rerunfilecheck Info: File `dissertation.out' has not changed.
(rerunfilecheck)             Checksum: 43AE61A241D6AD0C84061B89435571DF;2961.
Package atveryend Info: Empty hook `AtVeryVeryEnd' on input line 168.
 ) 
Here is how much of TeX's memory you used:
 18891 strings out of 495059
 295706 string characters out of 3182029
 601637 words of memory out of 3000000
 13457 multiletter control sequences out of 15000+200000
 16246 words of font info for 64 fonts, out of 3000000 for 9000
 14 hyphenation exceptions out of 8191
 39i,26n,45p,1672b,1834s stack positions out of 5000i,500n,10000p,200000b,50000s
pdfTeX warning (dest): name{Hfootnote.22} has been referenced but does not ex
ist, replaced by a fixed one

pdfTeX warning (dest): name{Hfootnote.21} has been referenced but does not exis
t, replaced by a fixed one

pdfTeX warning (dest): name{Hfootnote.20} has been referenced but does not exis
t, replaced by a fixed one

pdfTeX warning (dest): name{Hfootnote.19} has been referenced but does not exis
t, replaced by a fixed one

pdfTeX warning (dest): name{Hfootnote.18} has been referenced but does not exis
t, replaced by a fixed one

pdfTeX warning (dest): name{Hfootnote.17} has been referenced but does not exis
t, replaced by a fixed one

pdfTeX warning (dest): name{Hfootnote.16} has been referenced but does not exis
t, replaced by a fixed one

pdfTeX warning (dest): name{Hfootnote.15} has been referenced but does not exis
t, replaced by a fixed one

pdfTeX warning (dest): name{Hfootnote.14} has been referenced but does not exis
t, replaced by a fixed one

pdfTeX warning (dest): name{Hfootnote.13} has been referenced but does not exis
t, replaced by a fixed one

pdfTeX warning (dest): name{Hfootnote.12} has been referenced but does not exis
t, replaced by a fixed one

pdfTeX warning (dest): name{Hfootnote.11} has been referenced but does not exis
t, replaced by a fixed one

pdfTeX warning (dest): name{Hfootnote.10} has been referenced but does not exis
t, replaced by a fixed one

pdfTeX warning (dest): name{Hfootnote.9} has been referenced but does not exist
, replaced by a fixed one

pdfTeX warning (dest): name{Hfootnote.8} has been referenced but does not exist
, replaced by a fixed one

pdfTeX warning (dest): name{Hfootnote.7} has been referenced but does not exist
, replaced by a fixed one

pdfTeX warning (dest): name{Hfootnote.6} has been referenced but does not exist
, replaced by a fixed one

pdfTeX warning (dest): name{Hfootnote.5} has been referenced but does not exist
, replaced by a fixed one

pdfTeX warning (dest): name{Hfootnote.4} has been referenced but does not exist
, replaced by a fixed one

pdfTeX warning (dest): name{Hfootnote.3} has been referenced but does not exist
, replaced by a fixed one

pdfTeX warning (dest): name{Hfootnote.2} has been referenced but does not exist
, replaced by a fixed one

pdfTeX warning (dest): name{Hfootnote.1} has been referenced but does not exist
, replaced by a fixed one

</usr/share/texlive/texmf-dist/fonts/type1/public/amsfonts/cm/cmbx10.pfb></usr/
share/texlive/texmf-dist/fonts/type1/public/amsfonts/cm/cmbx12.pfb></usr/share/
texlive/texmf-dist/fonts/type1/public/amsfonts/cm/cmbx7.pfb></usr/share/texlive
/texmf-dist/fonts/type1/public/amsfonts/cm/cmbx8.pfb></usr/share/texlive/texmf-
dist/fonts/type1/public/amsfonts/cm/cmbxti10.pfb></usr/share/texlive/texmf-dist
/fonts/type1/public/amsfonts/cm/cmcsc10.pfb></usr/share/texlive/texmf-dist/font
s/type1/public/amsfonts/cm/cmex10.pfb></usr/share/texlive/texmf-dist/fonts/type
1/public/amsfonts/cm/cmmi10.pfb></usr/share/texlive/texmf-dist/fonts/type1/publ
ic/amsfonts/cm/cmmi5.pfb></usr/share/texlive/texmf-dist/fonts/type1/public/amsf
onts/cm/cmmi7.pfb></usr/share/texlive/texmf-dist/fonts/type1/public/amsfonts/cm
/cmmi8.pfb></usr/share/texlive/texmf-dist/fonts/type1/public/amsfonts/cm/cmr10.
pfb></usr/share/texlive/texmf-dist/fonts/type1/public/amsfonts/cm/cmr5.pfb></us
r/share/texlive/texmf-dist/fonts/type1/public/amsfonts/cm/cmr6.pfb></usr/share/
texlive/texmf-dist/fonts/type1/public/amsfonts/cm/cmr7.pfb></usr/share/texlive/
texmf-dist/fonts/type1/public/amsfonts/cm/cmr8.pfb></usr/share/texlive/texmf-di
st/fonts/type1/public/amsfonts/cm/cmr9.pfb></usr/share/texlive/texmf-dist/fonts
/type1/public/amsfonts/cm/cmsy10.pfb></usr/share/texlive/texmf-dist/fonts/type1
/public/amsfonts/cm/cmsy7.pfb></usr/share/texlive/texmf-dist/fonts/type1/public
/amsfonts/cm/cmsy8.pfb></usr/share/texlive/texmf-dist/fonts/type1/public/amsfon
ts/cm/cmti10.pfb></usr/share/texlive/texmf-dist/fonts/type1/public/amsfonts/cm/
cmti8.pfb></usr/share/texlive/texmf-dist/fonts/type1/public/amsfonts/cm/cmtt10.
pfb></usr/share/texlive/texmf-dist/fonts/type1/public/amsfonts/cm/cmtt12.pfb></
usr/share/texlive/texmf-dist/fonts/type1/public/amsfonts/cm/cmtt8.pfb></usr/sha
re/texlive/texmf-dist/fonts/type1/public/amsfonts/cm/cmtt9.pfb></usr/share/texl
ive/texmf-dist/fonts/type1/public/amsfonts/symbols/msam10.pfb></usr/share/texli
ve/texmf-dist/fonts/type1/public/amsfonts/symbols/msbm10.pfb></usr/share/texliv
e/texmf-dist/fonts/type1/public/amsfonts/symbols/msbm7.pfb>
Output written on dissertation.pdf (306 pages, 1508988 bytes).
PDF statistics:
 11713 PDF objects out of 12825 (max. 8388607)
 11247 compressed objects within 113 object streams
 8265 named destinations out of 8907 (max. 500000)
 419 words of extra memory for PDF output out of 10000 (max. 10000000)

