\BOOKMARK [1][-]{section*.2}{Abstract}{}% 1
\BOOKMARK [1][-]{section.1}{Introduction}{}% 2
\BOOKMARK [2][-]{subsection.1.1}{Existing Systems: Practical vs. Pure}{section.1}% 3
\BOOKMARK [2][-]{subsection.1.2}{Best of Both Worlds?}{section.1}% 4
\BOOKMARK [2][-]{subsection.1.3}{Problem Statement}{section.1}% 5
\BOOKMARK [2][-]{subsection.1.4}{Research Approach}{section.1}% 6
\BOOKMARK [2][-]{subsection.1.5}{Thesis Statement}{section.1}% 7
\BOOKMARK [2][-]{subsection.1.6}{Proposal Organization}{section.1}% 8
\BOOKMARK [1][-]{section.2}{Verification Background and Related Work}{}% 9
\BOOKMARK [2][-]{subsection.2.1}{Specification and Mathematical Systems}{section.2}% 10
\BOOKMARK [2][-]{subsection.2.2}{Automated Theorem Provers}{section.2}% 11
\BOOKMARK [2][-]{subsection.2.3}{Benchmarks, Libraries, and Specification Engineering}{section.2}% 12
\BOOKMARK [1][-]{section.3}{RESOLVE Background}{}% 13
\BOOKMARK [1][-]{section.4}{Research}{}% 14
\BOOKMARK [2][-]{subsection.4.1}{Extensible, Flexible Mathematics for Specification}{section.4}% 15
\BOOKMARK [2][-]{subsection.4.2}{Minimalist Prover}{section.4}% 16
\BOOKMARK [2][-]{subsection.4.3}{Specification and Mathematical Engineering}{section.4}% 17
\BOOKMARK [1][-]{section.5}{Evaluation}{}% 18
\BOOKMARK [2][-]{subsection.5.1}{Extensible, Flexible Mathematics for Specification}{section.5}% 19
\BOOKMARK [2][-]{subsection.5.2}{Minimalist Prover}{section.5}% 20
\BOOKMARK [2][-]{subsection.5.3}{Specification and Mathematical Engineering}{section.5}% 21
\BOOKMARK [1][-]{section.6}{Conclusion}{}% 22
\BOOKMARK [1][-]{section*.5}{Bibliography}{}% 23
